<?xml version="1.0" encoding="UTF-8"?>
<testsuite xmlns:xsi="http://www.w3.org/2001/XMLSchema-instance" xsi:noNamespaceSchemaLocation="https://maven.apache.org/surefire/maven-surefire-plugin/xsd/surefire-test-report.xsd" name="org.dodolook.secuirty.browser.AppTest" time="0.03" tests="1" errors="0" skipped="0" failures="0">
  <properties>
    <property name="sun.desktop" value="windows"/>
    <property name="awt.toolkit" value="sun.awt.windows.WToolkit"/>
    <property name="file.encoding.pkg" value="sun.io"/>
    <property name="java.specification.version" value="1.8"/>
    <property name="sun.cpu.isalist" value="amd64"/>
    <property name="sun.jnu.encoding" value="GBK"/>
    <property name="java.class.path" value="E:\gwj_sts_workSpace20190410_SpringSecurity\dodolook-root\dodolook-secuirty-browser\target\test-classes;E:\gwj_sts_workSpace20190410_SpringSecurity\dodolook-root\dodolook-secuirty-browser\target\classes;E:\MavenRepository\org\springframework\boot\spring-boot-starter-web\2.1.4.RELEASE\spring-boot-starter-web-2.1.4.RELEASE.jar;E:\MavenRepository\org\springframework\boot\spring-boot-starter\2.1.4.RELEASE\spring-boot-starter-2.1.4.RELEASE.jar;E:\MavenRepository\org\springframework\boot\spring-boot-starter-logging\2.1.4.RELEASE\spring-boot-starter-logging-2.1.4.RELEASE.jar;E:\MavenRepository\ch\qos\logback\logback-classic\1.2.3\logback-classic-1.2.3.jar;E:\MavenRepository\ch\qos\logback\logback-core\1.2.3\logback-core-1.2.3.jar;E:\MavenRepository\org\apache\logging\log4j\log4j-to-slf4j\2.11.2\log4j-to-slf4j-2.11.2.jar;E:\MavenRepository\org\apache\logging\log4j\log4j-api\2.11.2\log4j-api-2.11.2.jar;E:\MavenRepository\org\slf4j\jul-to-slf4j\1.7.26\jul-to-slf4j-1.7.26.jar;E:\MavenRepository\javax\annotation\javax.annotation-api\1.3.2\javax.annotation-api-1.3.2.jar;E:\MavenRepository\org\springframework\spring-core\5.1.6.RELEASE\spring-core-5.1.6.RELEASE.jar;E:\MavenRepository\org\springframework\spring-jcl\5.1.6.RELEASE\spring-jcl-5.1.6.RELEASE.jar;E:\MavenRepository\org\yaml\snakeyaml\1.23\snakeyaml-1.23.jar;E:\MavenRepository\org\springframework\boot\spring-boot-starter-json\2.1.4.RELEASE\spring-boot-starter-json-2.1.4.RELEASE.jar;E:\MavenRepository\com\fasterxml\jackson\core\jackson-databind\2.9.8\jackson-databind-2.9.8.jar;E:\MavenRepository\com\fasterxml\jackson\core\jackson-annotations\2.9.0\jackson-annotations-2.9.0.jar;E:\MavenRepository\com\fasterxml\jackson\core\jackson-core\2.9.8\jackson-core-2.9.8.jar;E:\MavenRepository\com\fasterxml\jackson\datatype\jackson-datatype-jdk8\2.9.8\jackson-datatype-jdk8-2.9.8.jar;E:\MavenRepository\com\fasterxml\jackson\datatype\jackson-datatype-jsr310\2.9.8\jackson-datatype-jsr310-2.9.8.jar;E:\MavenRepository\com\fasterxml\jackson\module\jackson-module-parameter-names\2.9.8\jackson-module-parameter-names-2.9.8.jar;E:\MavenRepository\org\springframework\boot\spring-boot-starter-tomcat\2.1.4.RELEASE\spring-boot-starter-tomcat-2.1.4.RELEASE.jar;E:\MavenRepository\org\apache\tomcat\embed\tomcat-embed-core\9.0.17\tomcat-embed-core-9.0.17.jar;E:\MavenRepository\org\apache\tomcat\embed\tomcat-embed-el\9.0.17\tomcat-embed-el-9.0.17.jar;E:\MavenRepository\org\apache\tomcat\embed\tomcat-embed-websocket\9.0.17\tomcat-embed-websocket-9.0.17.jar;E:\MavenRepository\org\hibernate\validator\hibernate-validator\6.0.16.Final\hibernate-validator-6.0.16.Final.jar;E:\MavenRepository\javax\validation\validation-api\2.0.1.Final\validation-api-2.0.1.Final.jar;E:\MavenRepository\org\jboss\logging\jboss-logging\3.3.2.Final\jboss-logging-3.3.2.Final.jar;E:\MavenRepository\com\fasterxml\classmate\1.4.0\classmate-1.4.0.jar;E:\MavenRepository\org\springframework\spring-web\5.1.6.RELEASE\spring-web-5.1.6.RELEASE.jar;E:\MavenRepository\org\springframework\spring-beans\5.1.6.RELEASE\spring-beans-5.1.6.RELEASE.jar;E:\MavenRepository\org\springframework\spring-webmvc\5.1.6.RELEASE\spring-webmvc-5.1.6.RELEASE.jar;E:\MavenRepository\org\springframework\spring-aop\5.1.6.RELEASE\spring-aop-5.1.6.RELEASE.jar;E:\MavenRepository\org\springframework\spring-context\5.1.6.RELEASE\spring-context-5.1.6.RELEASE.jar;E:\MavenRepository\org\springframework\spring-expression\5.1.6.RELEASE\spring-expression-5.1.6.RELEASE.jar;E:\gwj_sts_workSpace20190410_SpringSecurity\dodolook-root\dodolook-security-core\target\dodolook-security-core-0.0.1-SNAPSHOT.jar;E:\MavenRepository\org\springframework\cloud\spring-cloud-starter-oauth2\2.1.2.RELEASE\spring-cloud-starter-oauth2-2.1.2.RELEASE.jar;E:\MavenRepository\org\springframework\cloud\spring-cloud-starter-security\2.1.2.RELEASE\spring-cloud-starter-security-2.1.2.RELEASE.jar;E:\MavenRepository\org\springframework\cloud\spring-cloud-starter\2.1.1.RELEASE\spring-cloud-starter-2.1.1.RELEASE.jar;E:\MavenRepository\org\springframework\cloud\spring-cloud-context\2.1.1.RELEASE\spring-cloud-context-2.1.1.RELEASE.jar;E:\MavenRepository\org\springframework\security\spring-security-crypto\5.1.5.RELEASE\spring-security-crypto-5.1.5.RELEASE.jar;E:\MavenRepository\org\springframework\cloud\spring-cloud-commons\2.1.1.RELEASE\spring-cloud-commons-2.1.1.RELEASE.jar;E:\MavenRepository\org\springframework\security\spring-security-rsa\1.0.7.RELEASE\spring-security-rsa-1.0.7.RELEASE.jar;E:\MavenRepository\org\springframework\boot\spring-boot-starter-actuator\2.1.4.RELEASE\spring-boot-starter-actuator-2.1.4.RELEASE.jar;E:\MavenRepository\org\springframework\boot\spring-boot-actuator-autoconfigure\2.1.4.RELEASE\spring-boot-actuator-autoconfigure-2.1.4.RELEASE.jar;E:\MavenRepository\org\springframework\boot\spring-boot-actuator\2.1.4.RELEASE\spring-boot-actuator-2.1.4.RELEASE.jar;E:\MavenRepository\io\micrometer\micrometer-core\1.1.4\micrometer-core-1.1.4.jar;E:\MavenRepository\org\hdrhistogram\HdrHistogram\2.1.9\HdrHistogram-2.1.9.jar;E:\MavenRepository\org\latencyutils\LatencyUtils\2.0.3\LatencyUtils-2.0.3.jar;E:\MavenRepository\org\springframework\cloud\spring-cloud-security\2.1.2.RELEASE\spring-cloud-security-2.1.2.RELEASE.jar;E:\MavenRepository\org\springframework\boot\spring-boot-starter-security\2.1.4.RELEASE\spring-boot-starter-security-2.1.4.RELEASE.jar;E:\MavenRepository\org\springframework\security\oauth\boot\spring-security-oauth2-autoconfigure\2.1.2.RELEASE\spring-security-oauth2-autoconfigure-2.1.2.RELEASE.jar;E:\MavenRepository\com\sun\xml\bind\jaxb-core\2.3.0.1\jaxb-core-2.3.0.1.jar;E:\MavenRepository\com\sun\xml\bind\jaxb-impl\2.3.0.1\jaxb-impl-2.3.0.1.jar;E:\MavenRepository\javax\xml\bind\jaxb-api\2.3.1\jaxb-api-2.3.1.jar;E:\MavenRepository\javax\activation\javax.activation-api\1.2.0\javax.activation-api-1.2.0.jar;E:\MavenRepository\org\springframework\security\oauth\spring-security-oauth2\2.3.4.RELEASE\spring-security-oauth2-2.3.4.RELEASE.jar;E:\MavenRepository\org\springframework\security\spring-security-config\5.1.5.RELEASE\spring-security-config-5.1.5.RELEASE.jar;E:\MavenRepository\commons-codec\commons-codec\1.11\commons-codec-1.11.jar;E:\MavenRepository\org\codehaus\jackson\jackson-mapper-asl\1.9.13\jackson-mapper-asl-1.9.13.jar;E:\MavenRepository\org\codehaus\jackson\jackson-core-asl\1.9.13\jackson-core-asl-1.9.13.jar;E:\MavenRepository\org\springframework\security\spring-security-jwt\1.0.9.RELEASE\spring-security-jwt-1.0.9.RELEASE.jar;E:\MavenRepository\org\bouncycastle\bcpkix-jdk15on\1.56\bcpkix-jdk15on-1.56.jar;E:\MavenRepository\org\bouncycastle\bcprov-jdk15on\1.56\bcprov-jdk15on-1.56.jar;E:\MavenRepository\org\springframework\boot\spring-boot-starter-data-redis\2.1.4.RELEASE\spring-boot-starter-data-redis-2.1.4.RELEASE.jar;E:\MavenRepository\org\springframework\data\spring-data-redis\2.1.6.RELEASE\spring-data-redis-2.1.6.RELEASE.jar;E:\MavenRepository\org\springframework\data\spring-data-keyvalue\2.1.6.RELEASE\spring-data-keyvalue-2.1.6.RELEASE.jar;E:\MavenRepository\org\springframework\data\spring-data-commons\2.1.6.RELEASE\spring-data-commons-2.1.6.RELEASE.jar;E:\MavenRepository\org\springframework\spring-tx\5.1.6.RELEASE\spring-tx-5.1.6.RELEASE.jar;E:\MavenRepository\org\springframework\spring-oxm\5.1.6.RELEASE\spring-oxm-5.1.6.RELEASE.jar;E:\MavenRepository\org\springframework\spring-context-support\5.1.6.RELEASE\spring-context-support-5.1.6.RELEASE.jar;E:\MavenRepository\org\slf4j\slf4j-api\1.7.26\slf4j-api-1.7.26.jar;E:\MavenRepository\io\lettuce\lettuce-core\5.1.6.RELEASE\lettuce-core-5.1.6.RELEASE.jar;E:\MavenRepository\io\netty\netty-common\4.1.34.Final\netty-common-4.1.34.Final.jar;E:\MavenRepository\io\netty\netty-handler\4.1.34.Final\netty-handler-4.1.34.Final.jar;E:\MavenRepository\io\netty\netty-buffer\4.1.34.Final\netty-buffer-4.1.34.Final.jar;E:\MavenRepository\io\netty\netty-codec\4.1.34.Final\netty-codec-4.1.34.Final.jar;E:\MavenRepository\io\netty\netty-transport\4.1.34.Final\netty-transport-4.1.34.Final.jar;E:\MavenRepository\io\netty\netty-resolver\4.1.34.Final\netty-resolver-4.1.34.Final.jar;E:\MavenRepository\io\projectreactor\reactor-core\3.2.8.RELEASE\reactor-core-3.2.8.RELEASE.jar;E:\MavenRepository\org\reactivestreams\reactive-streams\1.0.2\reactive-streams-1.0.2.jar;E:\MavenRepository\mysql\mysql-connector-java\8.0.15\mysql-connector-java-8.0.15.jar;E:\MavenRepository\org\springframework\boot\spring-boot-starter-jdbc\2.1.4.RELEASE\spring-boot-starter-jdbc-2.1.4.RELEASE.jar;E:\MavenRepository\com\zaxxer\HikariCP\3.2.0\HikariCP-3.2.0.jar;E:\MavenRepository\org\springframework\spring-jdbc\5.1.6.RELEASE\spring-jdbc-5.1.6.RELEASE.jar;E:\MavenRepository\org\springframework\social\spring-social-config\1.1.6.RELEASE\spring-social-config-1.1.6.RELEASE.jar;E:\MavenRepository\org\springframework\social\spring-social-core\1.1.6.RELEASE\spring-social-core-1.1.6.RELEASE.jar;E:\MavenRepository\org\springframework\social\spring-social-security\1.1.6.RELEASE\spring-social-security-1.1.6.RELEASE.jar;E:\MavenRepository\org\springframework\security\spring-security-web\5.1.5.RELEASE\spring-security-web-5.1.5.RELEASE.jar;E:\MavenRepository\org\springframework\security\spring-security-core\5.1.5.RELEASE\spring-security-core-5.1.5.RELEASE.jar;E:\MavenRepository\org\springframework\social\spring-social-web\1.1.6.RELEASE\spring-social-web-1.1.6.RELEASE.jar;E:\MavenRepository\javax\inject\javax.inject\1\javax.inject-1.jar;E:\MavenRepository\commons-lang\commons-lang\2.6\commons-lang-2.6.jar;E:\MavenRepository\commons-collections\commons-collections\3.2.2\commons-collections-3.2.2.jar;E:\MavenRepository\commons-beanutils\commons-beanutils\1.9.3\commons-beanutils-1.9.3.jar;E:\MavenRepository\commons-logging\commons-logging\1.2\commons-logging-1.2.jar;E:\MavenRepository\org\springframework\boot\spring-boot-devtools\2.1.4.RELEASE\spring-boot-devtools-2.1.4.RELEASE.jar;E:\MavenRepository\org\springframework\boot\spring-boot\2.1.4.RELEASE\spring-boot-2.1.4.RELEASE.jar;E:\MavenRepository\org\springframework\boot\spring-boot-autoconfigure\2.1.4.RELEASE\spring-boot-autoconfigure-2.1.4.RELEASE.jar;E:\MavenRepository\junit\junit\4.12\junit-4.12.jar;E:\MavenRepository\org\hamcrest\hamcrest-core\1.3\hamcrest-core-1.3.jar;"/>
    <property name="java.vm.vendor" value="Oracle Corporation"/>
    <property name="sun.arch.data.model" value="64"/>
    <property name="user.variant" value=""/>
    <property name="java.vendor.url" value="http://java.oracle.com/"/>
    <property name="user.timezone" value="Asia/Shanghai"/>
    <property name="java.vm.specification.version" value="1.8"/>
    <property name="os.name" value="Windows 10"/>
    <property name="user.country" value="CN"/>
    <property name="sun.java.launcher" value="SUN_STANDARD"/>
    <property name="sun.boot.library.path" value="C:\Program Files\Java\jdk1.8.0_181\jre\bin"/>
    <property name="sun.java.command" value="C:\Users\DELL~1.DES\AppData\Local\Temp\surefire1478748598768006528\surefirebooter3487523146892811886.jar C:\Users\DELL.DESKTOP-E6KKS58\AppData\Local\Temp\surefire1478748598768006528 2019-04-11T15-02-22_843-jvmRun1 surefire1873324368277852246tmp surefire_14152382549088967860tmp"/>
    <property name="surefire.test.class.path" value="E:\gwj_sts_workSpace20190410_SpringSecurity\dodolook-root\dodolook-secuirty-browser\target\test-classes;E:\gwj_sts_workSpace20190410_SpringSecurity\dodolook-root\dodolook-secuirty-browser\target\classes;E:\MavenRepository\org\springframework\boot\spring-boot-starter-web\2.1.4.RELEASE\spring-boot-starter-web-2.1.4.RELEASE.jar;E:\MavenRepository\org\springframework\boot\spring-boot-starter\2.1.4.RELEASE\spring-boot-starter-2.1.4.RELEASE.jar;E:\MavenRepository\org\springframework\boot\spring-boot-starter-logging\2.1.4.RELEASE\spring-boot-starter-logging-2.1.4.RELEASE.jar;E:\MavenRepository\ch\qos\logback\logback-classic\1.2.3\logback-classic-1.2.3.jar;E:\MavenRepository\ch\qos\logback\logback-core\1.2.3\logback-core-1.2.3.jar;E:\MavenRepository\org\apache\logging\log4j\log4j-to-slf4j\2.11.2\log4j-to-slf4j-2.11.2.jar;E:\MavenRepository\org\apache\logging\log4j\log4j-api\2.11.2\log4j-api-2.11.2.jar;E:\MavenRepository\org\slf4j\jul-to-slf4j\1.7.26\jul-to-slf4j-1.7.26.jar;E:\MavenRepository\javax\annotation\javax.annotation-api\1.3.2\javax.annotation-api-1.3.2.jar;E:\MavenRepository\org\springframework\spring-core\5.1.6.RELEASE\spring-core-5.1.6.RELEASE.jar;E:\MavenRepository\org\springframework\spring-jcl\5.1.6.RELEASE\spring-jcl-5.1.6.RELEASE.jar;E:\MavenRepository\org\yaml\snakeyaml\1.23\snakeyaml-1.23.jar;E:\MavenRepository\org\springframework\boot\spring-boot-starter-json\2.1.4.RELEASE\spring-boot-starter-json-2.1.4.RELEASE.jar;E:\MavenRepository\com\fasterxml\jackson\core\jackson-databind\2.9.8\jackson-databind-2.9.8.jar;E:\MavenRepository\com\fasterxml\jackson\core\jackson-annotations\2.9.0\jackson-annotations-2.9.0.jar;E:\MavenRepository\com\fasterxml\jackson\core\jackson-core\2.9.8\jackson-core-2.9.8.jar;E:\MavenRepository\com\fasterxml\jackson\datatype\jackson-datatype-jdk8\2.9.8\jackson-datatype-jdk8-2.9.8.jar;E:\MavenRepository\com\fasterxml\jackson\datatype\jackson-datatype-jsr310\2.9.8\jackson-datatype-jsr310-2.9.8.jar;E:\MavenRepository\com\fasterxml\jackson\module\jackson-module-parameter-names\2.9.8\jackson-module-parameter-names-2.9.8.jar;E:\MavenRepository\org\springframework\boot\spring-boot-starter-tomcat\2.1.4.RELEASE\spring-boot-starter-tomcat-2.1.4.RELEASE.jar;E:\MavenRepository\org\apache\tomcat\embed\tomcat-embed-core\9.0.17\tomcat-embed-core-9.0.17.jar;E:\MavenRepository\org\apache\tomcat\embed\tomcat-embed-el\9.0.17\tomcat-embed-el-9.0.17.jar;E:\MavenRepository\org\apache\tomcat\embed\tomcat-embed-websocket\9.0.17\tomcat-embed-websocket-9.0.17.jar;E:\MavenRepository\org\hibernate\validator\hibernate-validator\6.0.16.Final\hibernate-validator-6.0.16.Final.jar;E:\MavenRepository\javax\validation\validation-api\2.0.1.Final\validation-api-2.0.1.Final.jar;E:\MavenRepository\org\jboss\logging\jboss-logging\3.3.2.Final\jboss-logging-3.3.2.Final.jar;E:\MavenRepository\com\fasterxml\classmate\1.4.0\classmate-1.4.0.jar;E:\MavenRepository\org\springframework\spring-web\5.1.6.RELEASE\spring-web-5.1.6.RELEASE.jar;E:\MavenRepository\org\springframework\spring-beans\5.1.6.RELEASE\spring-beans-5.1.6.RELEASE.jar;E:\MavenRepository\org\springframework\spring-webmvc\5.1.6.RELEASE\spring-webmvc-5.1.6.RELEASE.jar;E:\MavenRepository\org\springframework\spring-aop\5.1.6.RELEASE\spring-aop-5.1.6.RELEASE.jar;E:\MavenRepository\org\springframework\spring-context\5.1.6.RELEASE\spring-context-5.1.6.RELEASE.jar;E:\MavenRepository\org\springframework\spring-expression\5.1.6.RELEASE\spring-expression-5.1.6.RELEASE.jar;E:\gwj_sts_workSpace20190410_SpringSecurity\dodolook-root\dodolook-security-core\target\dodolook-security-core-0.0.1-SNAPSHOT.jar;E:\MavenRepository\org\springframework\cloud\spring-cloud-starter-oauth2\2.1.2.RELEASE\spring-cloud-starter-oauth2-2.1.2.RELEASE.jar;E:\MavenRepository\org\springframework\cloud\spring-cloud-starter-security\2.1.2.RELEASE\spring-cloud-starter-security-2.1.2.RELEASE.jar;E:\MavenRepository\org\springframework\cloud\spring-cloud-starter\2.1.1.RELEASE\spring-cloud-starter-2.1.1.RELEASE.jar;E:\MavenRepository\org\springframework\cloud\spring-cloud-context\2.1.1.RELEASE\spring-cloud-context-2.1.1.RELEASE.jar;E:\MavenRepository\org\springframework\security\spring-security-crypto\5.1.5.RELEASE\spring-security-crypto-5.1.5.RELEASE.jar;E:\MavenRepository\org\springframework\cloud\spring-cloud-commons\2.1.1.RELEASE\spring-cloud-commons-2.1.1.RELEASE.jar;E:\MavenRepository\org\springframework\security\spring-security-rsa\1.0.7.RELEASE\spring-security-rsa-1.0.7.RELEASE.jar;E:\MavenRepository\org\springframework\boot\spring-boot-starter-actuator\2.1.4.RELEASE\spring-boot-starter-actuator-2.1.4.RELEASE.jar;E:\MavenRepository\org\springframework\boot\spring-boot-actuator-autoconfigure\2.1.4.RELEASE\spring-boot-actuator-autoconfigure-2.1.4.RELEASE.jar;E:\MavenRepository\org\springframework\boot\spring-boot-actuator\2.1.4.RELEASE\spring-boot-actuator-2.1.4.RELEASE.jar;E:\MavenRepository\io\micrometer\micrometer-core\1.1.4\micrometer-core-1.1.4.jar;E:\MavenRepository\org\hdrhistogram\HdrHistogram\2.1.9\HdrHistogram-2.1.9.jar;E:\MavenRepository\org\latencyutils\LatencyUtils\2.0.3\LatencyUtils-2.0.3.jar;E:\MavenRepository\org\springframework\cloud\spring-cloud-security\2.1.2.RELEASE\spring-cloud-security-2.1.2.RELEASE.jar;E:\MavenRepository\org\springframework\boot\spring-boot-starter-security\2.1.4.RELEASE\spring-boot-starter-security-2.1.4.RELEASE.jar;E:\MavenRepository\org\springframework\security\oauth\boot\spring-security-oauth2-autoconfigure\2.1.2.RELEASE\spring-security-oauth2-autoconfigure-2.1.2.RELEASE.jar;E:\MavenRepository\com\sun\xml\bind\jaxb-core\2.3.0.1\jaxb-core-2.3.0.1.jar;E:\MavenRepository\com\sun\xml\bind\jaxb-impl\2.3.0.1\jaxb-impl-2.3.0.1.jar;E:\MavenRepository\javax\xml\bind\jaxb-api\2.3.1\jaxb-api-2.3.1.jar;E:\MavenRepository\javax\activation\javax.activation-api\1.2.0\javax.activation-api-1.2.0.jar;E:\MavenRepository\org\springframework\security\oauth\spring-security-oauth2\2.3.4.RELEASE\spring-security-oauth2-2.3.4.RELEASE.jar;E:\MavenRepository\org\springframework\security\spring-security-config\5.1.5.RELEASE\spring-security-config-5.1.5.RELEASE.jar;E:\MavenRepository\commons-codec\commons-codec\1.11\commons-codec-1.11.jar;E:\MavenRepository\org\codehaus\jackson\jackson-mapper-asl\1.9.13\jackson-mapper-asl-1.9.13.jar;E:\MavenRepository\org\codehaus\jackson\jackson-core-asl\1.9.13\jackson-core-asl-1.9.13.jar;E:\MavenRepository\org\springframework\security\spring-security-jwt\1.0.9.RELEASE\spring-security-jwt-1.0.9.RELEASE.jar;E:\MavenRepository\org\bouncycastle\bcpkix-jdk15on\1.56\bcpkix-jdk15on-1.56.jar;E:\MavenRepository\org\bouncycastle\bcprov-jdk15on\1.56\bcprov-jdk15on-1.56.jar;E:\MavenRepository\org\springframework\boot\spring-boot-starter-data-redis\2.1.4.RELEASE\spring-boot-starter-data-redis-2.1.4.RELEASE.jar;E:\MavenRepository\org\springframework\data\spring-data-redis\2.1.6.RELEASE\spring-data-redis-2.1.6.RELEASE.jar;E:\MavenRepository\org\springframework\data\spring-data-keyvalue\2.1.6.RELEASE\spring-data-keyvalue-2.1.6.RELEASE.jar;E:\MavenRepository\org\springframework\data\spring-data-commons\2.1.6.RELEASE\spring-data-commons-2.1.6.RELEASE.jar;E:\MavenRepository\org\springframework\spring-tx\5.1.6.RELEASE\spring-tx-5.1.6.RELEASE.jar;E:\MavenRepository\org\springframework\spring-oxm\5.1.6.RELEASE\spring-oxm-5.1.6.RELEASE.jar;E:\MavenRepository\org\springframework\spring-context-support\5.1.6.RELEASE\spring-context-support-5.1.6.RELEASE.jar;E:\MavenRepository\org\slf4j\slf4j-api\1.7.26\slf4j-api-1.7.26.jar;E:\MavenRepository\io\lettuce\lettuce-core\5.1.6.RELEASE\lettuce-core-5.1.6.RELEASE.jar;E:\MavenRepository\io\netty\netty-common\4.1.34.Final\netty-common-4.1.34.Final.jar;E:\MavenRepository\io\netty\netty-handler\4.1.34.Final\netty-handler-4.1.34.Final.jar;E:\MavenRepository\io\netty\netty-buffer\4.1.34.Final\netty-buffer-4.1.34.Final.jar;E:\MavenRepository\io\netty\netty-codec\4.1.34.Final\netty-codec-4.1.34.Final.jar;E:\MavenRepository\io\netty\netty-transport\4.1.34.Final\netty-transport-4.1.34.Final.jar;E:\MavenRepository\io\netty\netty-resolver\4.1.34.Final\netty-resolver-4.1.34.Final.jar;E:\MavenRepository\io\projectreactor\reactor-core\3.2.8.RELEASE\reactor-core-3.2.8.RELEASE.jar;E:\MavenRepository\org\reactivestreams\reactive-streams\1.0.2\reactive-streams-1.0.2.jar;E:\MavenRepository\mysql\mysql-connector-java\8.0.15\mysql-connector-java-8.0.15.jar;E:\MavenRepository\org\springframework\boot\spring-boot-starter-jdbc\2.1.4.RELEASE\spring-boot-starter-jdbc-2.1.4.RELEASE.jar;E:\MavenRepository\com\zaxxer\HikariCP\3.2.0\HikariCP-3.2.0.jar;E:\MavenRepository\org\springframework\spring-jdbc\5.1.6.RELEASE\spring-jdbc-5.1.6.RELEASE.jar;E:\MavenRepository\org\springframework\social\spring-social-config\1.1.6.RELEASE\spring-social-config-1.1.6.RELEASE.jar;E:\MavenRepository\org\springframework\social\spring-social-core\1.1.6.RELEASE\spring-social-core-1.1.6.RELEASE.jar;E:\MavenRepository\org\springframework\social\spring-social-security\1.1.6.RELEASE\spring-social-security-1.1.6.RELEASE.jar;E:\MavenRepository\org\springframework\security\spring-security-web\5.1.5.RELEASE\spring-security-web-5.1.5.RELEASE.jar;E:\MavenRepository\org\springframework\security\spring-security-core\5.1.5.RELEASE\spring-security-core-5.1.5.RELEASE.jar;E:\MavenRepository\org\springframework\social\spring-social-web\1.1.6.RELEASE\spring-social-web-1.1.6.RELEASE.jar;E:\MavenRepository\javax\inject\javax.inject\1\javax.inject-1.jar;E:\MavenRepository\commons-lang\commons-lang\2.6\commons-lang-2.6.jar;E:\MavenRepository\commons-collections\commons-collections\3.2.2\commons-collections-3.2.2.jar;E:\MavenRepository\commons-beanutils\commons-beanutils\1.9.3\commons-beanutils-1.9.3.jar;E:\MavenRepository\commons-logging\commons-logging\1.2\commons-logging-1.2.jar;E:\MavenRepository\org\springframework\boot\spring-boot-devtools\2.1.4.RELEASE\spring-boot-devtools-2.1.4.RELEASE.jar;E:\MavenRepository\org\springframework\boot\spring-boot\2.1.4.RELEASE\spring-boot-2.1.4.RELEASE.jar;E:\MavenRepository\org\springframework\boot\spring-boot-autoconfigure\2.1.4.RELEASE\spring-boot-autoconfigure-2.1.4.RELEASE.jar;E:\MavenRepository\junit\junit\4.12\junit-4.12.jar;E:\MavenRepository\org\hamcrest\hamcrest-core\1.3\hamcrest-core-1.3.jar;"/>
    <property name="sun.cpu.endian" value="little"/>
    <property name="user.home" value="C:\Users\DELL.DESKTOP-E6KKS58"/>
    <property name="user.language" value="zh"/>
    <property name="java.specification.vendor" value="Oracle Corporation"/>
    <property name="java.home" value="C:\Program Files\Java\jdk1.8.0_181\jre"/>
    <property name="basedir" value="E:\gwj_sts_workSpace20190410_SpringSecurity\dodolook-root\dodolook-secuirty-browser"/>
    <property name="file.separator" value="\"/>
    <property name="line.separator" value="&#10;"/>
    <property name="java.vm.specification.vendor" value="Oracle Corporation"/>
    <property name="java.specification.name" value="Java Platform API Specification"/>
    <property name="java.awt.graphicsenv" value="sun.awt.Win32GraphicsEnvironment"/>
    <property name="surefire.real.class.path" value="C:\Users\DELL~1.DES\AppData\Local\Temp\surefire1478748598768006528\surefirebooter3487523146892811886.jar"/>
    <property name="sun.boot.class.path" value="C:\Program Files\Java\jdk1.8.0_181\jre\lib\resources.jar;C:\Program Files\Java\jdk1.8.0_181\jre\lib\rt.jar;C:\Program Files\Java\jdk1.8.0_181\jre\lib\sunrsasign.jar;C:\Program Files\Java\jdk1.8.0_181\jre\lib\jsse.jar;C:\Program Files\Java\jdk1.8.0_181\jre\lib\jce.jar;C:\Program Files\Java\jdk1.8.0_181\jre\lib\charsets.jar;C:\Program Files\Java\jdk1.8.0_181\jre\lib\jfr.jar;C:\Program Files\Java\jdk1.8.0_181\jre\classes"/>
    <property name="user.script" value=""/>
    <property name="sun.management.compiler" value="HotSpot 64-Bit Tiered Compilers"/>
    <property name="java.runtime.version" value="1.8.0_181-b13"/>
    <property name="user.name" value="DELL"/>
    <property name="path.separator" value=";"/>
    <property name="os.version" value="10.0"/>
    <property name="java.endorsed.dirs" value="C:\Program Files\Java\jdk1.8.0_181\jre\lib\endorsed"/>
    <property name="java.runtime.name" value="Java(TM) SE Runtime Environment"/>
    <property name="file.encoding" value="GBK"/>
    <property name="java.vm.name" value="Java HotSpot(TM) 64-Bit Server VM"/>
    <property name="localRepository" value="E:\MavenRepository"/>
    <property name="java.vendor.url.bug" value="http://bugreport.sun.com/bugreport/"/>
    <property name="java.io.tmpdir" value="C:\Users\DELL~1.DES\AppData\Local\Temp\"/>
    <property name="java.version" value="1.8.0_181"/>
    <property name="user.dir" value="E:\gwj_sts_workSpace20190410_SpringSecurity\dodolook-root\dodolook-secuirty-browser"/>
    <property name="os.arch" value="amd64"/>
    <property name="java.vm.specification.name" value="Java Virtual Machine Specification"/>
    <property name="java.awt.printerjob" value="sun.awt.windows.WPrinterJob"/>
    <property name="sun.os.patch.level" value=""/>
    <property name="java.library.path" value="C:\Program Files\Java\jdk1.8.0_181\jre\bin;C:\WINDOWS\Sun\Java\bin;C:\WINDOWS\system32;C:\WINDOWS;C:/Program Files/Java/jre1.8.0_181/bin/server;C:/Program Files/Java/jre1.8.0_181/bin;C:/Program Files/Java/jre1.8.0_181/lib/amd64;C:\Program Files (x86)\Common Files\Oracle\Java\javapath;C:\Program Files (x86)\Intel\Intel(R) Management Engine Components\iCLS\;C:\Program Files\Intel\Intel(R) Management Engine Components\iCLS\;C:\WINDOWS\system32;C:\WINDOWS;C:\WINDOWS\System32\Wbem;C:\WINDOWS\System32\WindowsPowerShell\v1.0\;C:\Program Files (x86)\Intel\Intel(R) Management Engine Components\DAL;C:\Program Files\Intel\Intel(R) Management Engine Components\DAL;C:\Program Files (x86)\Intel\Intel(R) Management Engine Components\IPT;C:\Program Files\Intel\Intel(R) Management Engine Components\IPT;C:\Program Files\Git\cmd;C:\Program Files\TortoiseSVN\bin;C:\WINDOWS\System32\OpenSSH\;D:\apache-maven-3.5.4\bin;C:\Program Files\Java\jdk1.8.0_181\bin;C:\Program Files\Java\jdk1.8.0_181\jre\bin;D:\gradle-5.2.1-bin\gradle-5.2.1\bin;C:\Users\DELL.DESKTOP-E6KKS58\AppData\Local\Microsoft\WindowsApps;;E:\sts-3.9.2.RELEASE;;."/>
    <property name="java.vm.info" value="mixed mode"/>
    <property name="java.vendor" value="Oracle Corporation"/>
    <property name="java.vm.version" value="25.181-b13"/>
    <property name="java.ext.dirs" value="C:\Program Files\Java\jdk1.8.0_181\jre\lib\ext;C:\WINDOWS\Sun\Java\lib\ext"/>
    <property name="sun.io.unicode.encoding" value="UnicodeLittle"/>
    <property name="java.class.version" value="52.0"/>
  </properties>
  <testcase name="testApp" classname="org.dodolook.secuirty.browser.AppTest" time="0"/>
</testsuite>